Arguments: 
  /usr/local/bin/node /usr/local/Cellar/yarn/1.1.0/libexec/bin/yarn.js init

PATH: 
  /Users/nathannelson/.rvm/gems/ruby-2.2.1/bin:/Users/nathannelson/.rvm/gems/ruby-2.2.1@global/bin:/Users/nathannelson/.rvm/rubies/ruby-2.2.1/bin:/usr/local/heroku/bin:/usr/local/bin:/Applications/MAMP/bin/php/php5.6.2/bin:/usr/local/bin:/usr/bin:/bin:/usr/sbin:/sbin:/usr/local/go/bin:/Users/nathannelson/Library/Android/sdk/platform-tools:/Users/nathannelson/.rvm/bin

Yarn version: 
  1.1.0

Node version: 
  7.4.0

Platform: 
  darwin x64

npm manifest: 
  No manifest

yarn manifest: 
  No manifest

Lockfile: 
  No lockfile

Trace: 
  Error: canceled
      at Interface.<anonymous> (/usr/local/Cellar/yarn/1.1.0/libexec/lib/cli.js:119877:13)
      at emitNone (events.js:86:13)
      at Interface.emit (events.js:185:7)
      at Interface._ttyWrite (readline.js:734:16)
      at ReadStream.onkeypress (readline.js:126:10)
      at emitTwo (events.js:106:13)
      at ReadStream.emit (events.js:191:7)
      at emitKeys (internal/readline.js:403:14)
      at emitKeys.next (<anonymous>)
      at ReadStream.onData (readline.js:981:36)
